2018-09-18 09:16:55.476  INFO 4204 --- [restartedMain] com.baizhi.clf.ApplicationRun            : Starting ApplicationRun on DESKTOP-LIQUA74 with PID 4204 (D:\MyEclipseWorkspace\asiamarketshop\target\classes started by 73280 in D:\MyEclipseWorkspace\asiamarketshop)
2018-09-18 09:16:55.496 DEBUG 4204 --- [restartedMain] com.baizhi.clf.ApplicationRun            : Running with Spring Boot v2.0.0.RELEASE, Spring v5.0.4.RELEASE
2018-09-18 09:16:55.496  INFO 4204 --- [restartedMain] com.baizhi.clf.ApplicationRun            : The following profiles are active: dev
2018-09-18 09:16:55.676  INFO 4204 --- [restartedMain] ConfigServletWebServerApplicationContext : Refreshing org.springframework.boot.web.servlet.context.AnnotationConfigServletWebServerApplicationContext@30766960: startup date [Tue Sep 18 09:16:55 CST 2018]; root of context hierarchy
2018-09-18 09:16:57.516  INFO 4204 --- [restartedMain] o.s.b.f.xml.XmlBeanDefinitionReader      : Loading XML bean definitions from class path resource [com/baizhi/clf/mvc/spring-mvc.xml]
2018-09-18 09:16:58.272  INFO 4204 --- [restartedMain] o.s.b.f.s.DefaultListableBeanFactory     : Overriding bean definition for bean 'mvcContentNegotiationManager' with a different definition: replacing [Root bean: class [org.springframework.web.accept.ContentNegotiationManagerFactoryBean]; scope=; abstract=false; lazyInit=false; autowireMode=0; dependencyCheck=0; autowireCandidate=true; primary=false; factoryBeanName=null; factoryMethodName=null; initMethodName=null; destroyMethodName=null] with [Root bean: class [null]; scope=; abstract=false; lazyInit=false; autowireMode=3; dependencyCheck=0; autowireCandidate=true; primary=false; factoryBeanName=org.springframework.boot.autoconfigure.web.servlet.WebMvcAutoConfiguration$EnableWebMvcConfiguration; factoryMethodName=mvcContentNegotiationManager; initMethodName=null; destroyMethodName=(inferred); defined in class path resource [org/springframework/boot/autoconfigure/web/servlet/WebMvcAutoConfiguration$EnableWebMvcConfiguration.class]]
2018-09-18 09:16:58.272  INFO 4204 --- [restartedMain] a.ConfigurationClassBeanDefinitionReader : Skipping bean definition for [BeanMethod:name=mvcUriComponentsContributor,declaringClass=org.springframework.web.servlet.config.annotation.WebMvcConfigurationSupport]: a definition for bean 'mvcUriComponentsContributor' already exists. This top-level bean definition is considered as an override.
2018-09-18 09:16:58.272  INFO 4204 --- [restartedMain] o.s.b.f.s.DefaultListableBeanFactory     : Overriding bean definition for bean 'mvcHandlerMappingIntrospector' with a different definition: replacing [Root bean: class [org.springframework.web.servlet.handler.HandlerMappingIntrospector]; scope=; abstract=false; lazyInit=true; autowireMode=0; dependencyCheck=0; autowireCandidate=true; primary=false; factoryBeanName=null; factoryMethodName=null; initMethodName=null; destroyMethodName=null] with [Root bean: class [null]; scope=; abstract=false; lazyInit=true; autowireMode=3; dependencyCheck=0; autowireCandidate=true; primary=false; factoryBeanName=org.springframework.boot.autoconfigure.web.servlet.WebMvcAutoConfiguration$EnableWebMvcConfiguration; factoryMethodName=mvcHandlerMappingIntrospector; initMethodName=null; destroyMethodName=(inferred); defined in class path resource [org/springframework/boot/autoconfigure/web/servlet/WebMvcAutoConfiguration$EnableWebMvcConfiguration.class]]
2018-09-18 09:17:00.163  INFO 4204 --- [restartedMain] o.s.b.w.embedded.tomcat.TomcatWebServer  : Tomcat initialized with port(s): 8081 (http)
2018-09-18 09:17:00.325  INFO 4204 --- [restartedMain] o.apache.catalina.core.StandardService   : Starting service [Tomcat]
2018-09-18 09:17:00.325  INFO 4204 --- [restartedMain] org.apache.catalina.core.StandardEngine  : Starting Servlet Engine: Apache Tomcat/8.5.28
2018-09-18 09:17:00.345  INFO 4204 --- [localhost-startStop-1] o.a.catalina.core.AprLifecycleListener   : The APR based Apache Tomcat Native library which allows optimal performance in production environments was not found on the java.library.path: [D:\Program Files\Java\jdk1.8.0_151\jre\bin;C:\WINDOWS\Sun\Java\bin;C:\WINDOWS\system32;C:\WINDOWS;D:\Tool\Oracle11g\product\11.2.0\dbhome_2\bin;C:\ProgramData\Oracle\Java\javapath;D:\Program Files\Java\jdk1.8.0_151\bin;D:\Oracle\product\11.2.0\dbhome_1\bin;%JAVA_HOME%\bin;C:\WINDOWS\system32;C:\WINDOWS;C:\WINDOWS\System32\Wbem;C:\WINDOWS\System32\WindowsPowerShell\v1.0\;%MYSQL_HOME%\bin;D:\Tool\Rational Rose\common;C:\Program Files (x86)\Common Files\Thunder Network\KanKan\Codecs;D:\Tool\apache-maven-3.5.3\bin;D:\Program Files (x86)\MySQL\bin;C:\Program Files\VanDyke Software\Clients\;D:\Tool\VisualSVN Server\bin;D:\Tool\TortoiseSVN\bin;D:\Tool\Git\cmd;C:\Users\73280\AppData\Local\Microsoft\WindowsApps;;.]
2018-09-18 09:17:00.755  INFO 4204 --- [localhost-startStop-1] org.apache.jasper.servlet.TldScanner     : At least one JAR was scanned for TLDs yet contained no TLDs. Enable debug logging for this logger for a complete list of JARs that were scanned but no TLDs were found in them. Skipping unneeded JARs during scanning can improve startup time and JSP compilation time.
2018-09-18 09:17:00.775  INFO 4204 --- [localhost-startStop-1] o.a.c.c.C.[.[.[/asiamarketshop]          : Initializing Spring embedded WebApplicationContext
2018-09-18 09:17:00.775  INFO 4204 --- [localhost-startStop-1] o.s.web.context.ContextLoader            : Root WebApplicationContext: initialization completed in 5099 ms
2018-09-18 09:17:01.089  INFO 4204 --- [localhost-startStop-1] o.s.b.w.servlet.FilterRegistrationBean   : Mapping filter: 'characterEncodingFilter' to: [/*]
2018-09-18 09:17:01.089  INFO 4204 --- [localhost-startStop-1] o.s.b.w.servlet.FilterRegistrationBean   : Mapping filter: 'hiddenHttpMethodFilter' to: [/*]
2018-09-18 09:17:01.099  INFO 4204 --- [localhost-startStop-1] o.s.b.w.servlet.FilterRegistrationBean   : Mapping filter: 'httpPutFormContentFilter' to: [/*]
2018-09-18 09:17:01.099  INFO 4204 --- [localhost-startStop-1] o.s.b.w.servlet.FilterRegistrationBean   : Mapping filter: 'requestContextFilter' to: [/*]
2018-09-18 09:17:01.099  INFO 4204 --- [localhost-startStop-1] o.s.b.w.servlet.FilterRegistrationBean   : Mapping filter: 'a_LoginFilter' to urls: [/*]
2018-09-18 09:17:01.099  INFO 4204 --- [localhost-startStop-1] o.s.b.w.servlet.FilterRegistrationBean   : Mapping filter: 'b_AccessFilter' to urls: [/toshop/*]
2018-09-18 09:17:01.099  INFO 4204 --- [localhost-startStop-1] o.s.b.w.servlet.FilterRegistrationBean   : Mapping filter: 'c_AccessFilter' to urls: [*.jsp]
2018-09-18 09:17:01.099  INFO 4204 --- [localhost-startStop-1] o.s.b.w.servlet.FilterRegistrationBean   : Mapping filter: 'd_LanguageFilter' to urls: [/toshop/*]
2018-09-18 09:17:01.099  INFO 4204 --- [localhost-startStop-1] o.s.b.w.servlet.ServletRegistrationBean  : Servlet dispatcherServlet mapped to [/]
2018-09-18 09:17:02.149  INFO 4204 --- [restartedMain] s.w.s.m.m.a.RequestMappingHandlerMapping : Mapped "{[/cartCar/append]}" onto public java.lang.String com.baizhi.clf.controller.CartCarController.appendCartCarGood(javax.servlet.http.HttpServletRequest,java.lang.String)
2018-09-18 09:17:02.171  INFO 4204 --- [restartedMain] s.w.s.m.m.a.RequestMappingHandlerMapping : Mapped "{[/cartCar/appendCount]}" onto public java.lang.String com.baizhi.clf.controller.CartCarController.appendCartCarGoodAndCount(javax.servlet.http.HttpServletRequest,java.lang.String,int)
2018-09-18 09:17:02.171  INFO 4204 --- [restartedMain] s.w.s.m.m.a.RequestMappingHandlerMapping : Mapped "{[/cartCar/changeCount]}" onto public java.lang.String com.baizhi.clf.controller.CartCarController.changeCartCarGoodCount(javax.servlet.http.HttpServletRequest,int,java.lang.String)
2018-09-18 09:17:02.171  INFO 4204 --- [restartedMain] s.w.s.m.m.a.RequestMappingHandlerMapping : Mapped "{[/cartCar/dropCartGood]}" onto public java.lang.String com.baizhi.clf.controller.CartCarController.dropCartCarGood(javax.servlet.http.HttpServletRequest,java.lang.String)
2018-09-18 09:17:02.171  INFO 4204 --- [restartedMain] s.w.s.m.m.a.RequestMappingHandlerMapping : Mapped "{[/cartCar/show]}" onto public java.util.List<com.baizhi.clf.vo.CartCarVO> com.baizhi.clf.controller.CartCarController.showCars(javax.servlet.http.HttpServletRequest)
2018-09-18 09:17:02.181  INFO 4204 --- [restartedMain] s.w.s.m.m.a.RequestMappingHandlerMapping : Mapped "{[/category/findCategorys]}" onto public java.util.List<com.baizhi.clf.entity.ScategoryEntity> com.baizhi.clf.controller.CategoryController.findCategorys(java.lang.String)
2018-09-18 09:17:02.181  INFO 4204 --- [restartedMain] s.w.s.m.m.a.RequestMappingHandlerMapping : Mapped "{[/code/validateCheck]}" onto public java.lang.String com.baizhi.clf.controller.CodeController.validateImage(javax.servlet.http.HttpServletRequest,java.lang.String)
2018-09-18 09:17:02.181  INFO 4204 --- [restartedMain] s.w.s.m.m.a.RequestMappingHandlerMapping : Mapped "{[/code/getCode]}" onto public void com.baizhi.clf.controller.CodeController.getCode(javax.servlet.http.HttpServletRequest,javax.servlet.http.HttpServletResponse,javax.servlet.http.HttpSession) throws java.io.IOException
2018-09-18 09:17:02.181  INFO 4204 --- [restartedMain] s.w.s.m.m.a.RequestMappingHandlerMapping : Mapped "{[/order/findOrderType]}" onto public com.baizhi.clf.entity.SorderTypeEntity com.baizhi.clf.controller.OrderController.findOrderType(java.lang.String)
2018-09-18 09:17:02.181  INFO 4204 --- [restartedMain] s.w.s.m.m.a.RequestMappingHandlerMapping : Mapped "{[/order/findMyOrder]}" onto public java.util.List<com.baizhi.clf.vo.OrderDTO> com.baizhi.clf.controller.OrderController.findMyOrder()
2018-09-18 09:17:02.181  INFO 4204 --- [restartedMain] s.w.s.m.m.a.RequestMappingHandlerMapping : Mapped "{[/order/createOrder]}" onto public java.lang.String com.baizhi.clf.controller.OrderController.createOrder(java.lang.String,java.lang.String,java.lang.String,java.lang.String,java.lang.String,javax.servlet.http.HttpServletRequest)
2018-09-18 09:17:02.191  INFO 4204 --- [restartedMain] s.w.s.m.m.a.RequestMappingHandlerMapping : Mapped "{[/product/findProductDetail]}" onto public com.baizhi.clf.entity.SproductEntity com.baizhi.clf.controller.ProductController.findProductDetail(java.lang.String)
2018-09-18 09:17:02.191  INFO 4204 --- [restartedMain] s.w.s.m.m.a.RequestMappingHandlerMapping : Mapped "{[/product/findProductsByCategoryId]}" onto public java.util.List<com.baizhi.clf.entity.SproductEntity> com.baizhi.clf.controller.ProductController.findProductsByCategoryId(java.lang.String,java.lang.String,java.lang.Integer)
2018-09-18 09:17:02.191  INFO 4204 --- [restartedMain] s.w.s.m.m.a.RequestMappingHandlerMapping : Mapped "{[/product/findProductsByDsql]}" onto public java.util.List<com.baizhi.clf.entity.SproductEntity> com.baizhi.clf.controller.ProductController.findProductsByDsql(java.lang.String,java.lang.Integer,javax.servlet.http.HttpSession)
2018-09-18 09:17:02.191  INFO 4204 --- [restartedMain] s.w.s.m.m.a.RequestMappingHandlerMapping : Mapped "{[/product/findPageMsg]}" onto public com.baizhi.clf.vo.Page com.baizhi.clf.controller.ProductController.findPageMsg(javax.servlet.http.HttpSession)
2018-09-18 09:17:02.191  INFO 4204 --- [restartedMain] s.w.s.m.m.a.RequestMappingHandlerMapping : Mapped "{[/product/findProductsMain]}" onto public java.util.List<com.baizhi.clf.entity.SproductEntity> com.baizhi.clf.controller.ProductController.findProductsMain(java.lang.String,java.lang.String)
2018-09-18 09:17:02.201  INFO 4204 --- [restartedMain] s.w.s.m.m.a.RequestMappingHandlerMapping : Mapped "{[/user/register]}" onto public java.lang.String com.baizhi.clf.controller.UserController.register(java.lang.String,javax.servlet.http.HttpServletResponse)
2018-09-18 09:17:02.201  INFO 4204 --- [restartedMain] s.w.s.m.m.a.RequestMappingHandlerMapping : Mapped "{[/user/findOneById]}" onto public com.baizhi.clf.entity.SuserEntity com.baizhi.clf.controller.UserController.findOneById(java.lang.String,javax.servlet.http.HttpServletRequest)
2018-09-18 09:17:02.201  INFO 4204 --- [restartedMain] s.w.s.m.m.a.RequestMappingHandlerMapping : Mapped "{[/user/getUser]}" onto public java.lang.String com.baizhi.clf.controller.UserController.getUser(java.lang.String,javax.servlet.http.HttpServletRequest)
2018-09-18 09:17:02.201  INFO 4204 --- [restartedMain] s.w.s.m.m.a.RequestMappingHandlerMapping : Mapped "{[/]}" onto public java.lang.String com.baizhi.clf.filter.AccessController.toMain(javax.servlet.http.HttpServletRequest,javax.servlet.http.HttpSession)
2018-09-18 09:17:02.511  INFO 4204 --- [restartedMain] s.w.s.m.m.a.RequestMappingHandlerAdapter : Looking for @ControllerAdvice: org.springframework.boot.web.servlet.context.AnnotationConfigServletWebServerApplicationContext@30766960: startup date [Tue Sep 18 09:16:55 CST 2018]; root of context hierarchy
2018-09-18 09:17:02.591  INFO 4204 --- [restartedMain] s.w.s.m.m.a.RequestMappingHandlerAdapter : Looking for @ControllerAdvice: org.springframework.boot.web.servlet.context.AnnotationConfigServletWebServerApplicationContext@30766960: startup date [Tue Sep 18 09:16:55 CST 2018]; root of context hierarchy
2018-09-18 09:17:02.961  INFO 4204 --- [restartedMain] s.w.s.m.m.a.RequestMappingHandlerAdapter : Looking for @ControllerAdvice: org.springframework.boot.web.servlet.context.AnnotationConfigServletWebServerApplicationContext@30766960: startup date [Tue Sep 18 09:16:55 CST 2018]; root of context hierarchy
2018-09-18 09:17:02.991  INFO 4204 --- [restartedMain] s.w.s.m.m.a.RequestMappingHandlerMapping : Mapped "{[/cartCar/append]}" onto public java.lang.String com.baizhi.clf.controller.CartCarController.appendCartCarGood(javax.servlet.http.HttpServletRequest,java.lang.String)
2018-09-18 09:17:02.991  INFO 4204 --- [restartedMain] s.w.s.m.m.a.RequestMappingHandlerMapping : Mapped "{[/cartCar/appendCount]}" onto public java.lang.String com.baizhi.clf.controller.CartCarController.appendCartCarGoodAndCount(javax.servlet.http.HttpServletRequest,java.lang.String,int)
2018-09-18 09:17:02.991  INFO 4204 --- [restartedMain] s.w.s.m.m.a.RequestMappingHandlerMapping : Mapped "{[/cartCar/changeCount]}" onto public java.lang.String com.baizhi.clf.controller.CartCarController.changeCartCarGoodCount(javax.servlet.http.HttpServletRequest,int,java.lang.String)
2018-09-18 09:17:02.991  INFO 4204 --- [restartedMain] s.w.s.m.m.a.RequestMappingHandlerMapping : Mapped "{[/cartCar/dropCartGood]}" onto public java.lang.String com.baizhi.clf.controller.CartCarController.dropCartCarGood(javax.servlet.http.HttpServletRequest,java.lang.String)
2018-09-18 09:17:02.991  INFO 4204 --- [restartedMain] s.w.s.m.m.a.RequestMappingHandlerMapping : Mapped "{[/cartCar/show]}" onto public java.util.List<com.baizhi.clf.vo.CartCarVO> com.baizhi.clf.controller.CartCarController.showCars(javax.servlet.http.HttpServletRequest)
2018-09-18 09:17:02.991  INFO 4204 --- [restartedMain] s.w.s.m.m.a.RequestMappingHandlerMapping : Mapped "{[/category/findCategorys]}" onto public java.util.List<com.baizhi.clf.entity.ScategoryEntity> com.baizhi.clf.controller.CategoryController.findCategorys(java.lang.String)
2018-09-18 09:17:02.991  INFO 4204 --- [restartedMain] s.w.s.m.m.a.RequestMappingHandlerMapping : Mapped "{[/code/validateCheck]}" onto public java.lang.String com.baizhi.clf.controller.CodeController.validateImage(javax.servlet.http.HttpServletRequest,java.lang.String)
2018-09-18 09:17:02.991  INFO 4204 --- [restartedMain] s.w.s.m.m.a.RequestMappingHandlerMapping : Mapped "{[/code/getCode]}" onto public void com.baizhi.clf.controller.CodeController.getCode(javax.servlet.http.HttpServletRequest,javax.servlet.http.HttpServletResponse,javax.servlet.http.HttpSession) throws java.io.IOException
2018-09-18 09:17:03.001  INFO 4204 --- [restartedMain] s.w.s.m.m.a.RequestMappingHandlerMapping : Mapped "{[/order/findOrderType]}" onto public com.baizhi.clf.entity.SorderTypeEntity com.baizhi.clf.controller.OrderController.findOrderType(java.lang.String)
2018-09-18 09:17:03.001  INFO 4204 --- [restartedMain] s.w.s.m.m.a.RequestMappingHandlerMapping : Mapped "{[/order/findMyOrder]}" onto public java.util.List<com.baizhi.clf.vo.OrderDTO> com.baizhi.clf.controller.OrderController.findMyOrder()
2018-09-18 09:17:03.001  INFO 4204 --- [restartedMain] s.w.s.m.m.a.RequestMappingHandlerMapping : Mapped "{[/order/createOrder]}" onto public java.lang.String com.baizhi.clf.controller.OrderController.createOrder(java.lang.String,java.lang.String,java.lang.String,java.lang.String,java.lang.String,javax.servlet.http.HttpServletRequest)
2018-09-18 09:17:03.001  INFO 4204 --- [restartedMain] s.w.s.m.m.a.RequestMappingHandlerMapping : Mapped "{[/product/findProductDetail]}" onto public com.baizhi.clf.entity.SproductEntity com.baizhi.clf.controller.ProductController.findProductDetail(java.lang.String)
2018-09-18 09:17:03.001  INFO 4204 --- [restartedMain] s.w.s.m.m.a.RequestMappingHandlerMapping : Mapped "{[/product/findProductsByCategoryId]}" onto public java.util.List<com.baizhi.clf.entity.SproductEntity> com.baizhi.clf.controller.ProductController.findProductsByCategoryId(java.lang.String,java.lang.String,java.lang.Integer)
2018-09-18 09:17:03.001  INFO 4204 --- [restartedMain] s.w.s.m.m.a.RequestMappingHandlerMapping : Mapped "{[/product/findProductsByDsql]}" onto public java.util.List<com.baizhi.clf.entity.SproductEntity> com.baizhi.clf.controller.ProductController.findProductsByDsql(java.lang.String,java.lang.Integer,javax.servlet.http.HttpSession)
2018-09-18 09:17:03.001  INFO 4204 --- [restartedMain] s.w.s.m.m.a.RequestMappingHandlerMapping : Mapped "{[/product/findPageMsg]}" onto public com.baizhi.clf.vo.Page com.baizhi.clf.controller.ProductController.findPageMsg(javax.servlet.http.HttpSession)
2018-09-18 09:17:03.001  INFO 4204 --- [restartedMain] s.w.s.m.m.a.RequestMappingHandlerMapping : Mapped "{[/product/findProductsMain]}" onto public java.util.List<com.baizhi.clf.entity.SproductEntity> com.baizhi.clf.controller.ProductController.findProductsMain(java.lang.String,java.lang.String)
2018-09-18 09:17:03.001  INFO 4204 --- [restartedMain] s.w.s.m.m.a.RequestMappingHandlerMapping : Mapped "{[/user/register]}" onto public java.lang.String com.baizhi.clf.controller.UserController.register(java.lang.String,javax.servlet.http.HttpServletResponse)
2018-09-18 09:17:03.001  INFO 4204 --- [restartedMain] s.w.s.m.m.a.RequestMappingHandlerMapping : Mapped "{[/user/findOneById]}" onto public com.baizhi.clf.entity.SuserEntity com.baizhi.clf.controller.UserController.findOneById(java.lang.String,javax.servlet.http.HttpServletRequest)
2018-09-18 09:17:03.001  INFO 4204 --- [restartedMain] s.w.s.m.m.a.RequestMappingHandlerMapping : Mapped "{[/user/getUser]}" onto public java.lang.String com.baizhi.clf.controller.UserController.getUser(java.lang.String,javax.servlet.http.HttpServletRequest)
2018-09-18 09:17:03.011  INFO 4204 --- [restartedMain] s.w.s.m.m.a.RequestMappingHandlerMapping : Mapped "{[/]}" onto public java.lang.String com.baizhi.clf.filter.AccessController.toMain(javax.servlet.http.HttpServletRequest,javax.servlet.http.HttpSession)
2018-09-18 09:17:03.055  INFO 4204 --- [restartedMain] o.s.w.s.handler.SimpleUrlHandlerMapping  : Mapped URL path [/webjars/**] onto handler of type [class org.springframework.web.servlet.resource.ResourceHttpRequestHandler]
2018-09-18 09:17:03.055  INFO 4204 --- [restartedMain] o.s.w.s.handler.SimpleUrlHandlerMapping  : Mapped URL path [/**] onto handler of type [class org.springframework.web.servlet.resource.ResourceHttpRequestHandler]
2018-09-18 09:17:03.105  INFO 4204 --- [restartedMain] o.s.w.s.handler.SimpleUrlHandlerMapping  : Mapped URL path [/**/favicon.ico] onto handler of type [class org.springframework.web.servlet.resource.ResourceHttpRequestHandler]
2018-09-18 09:17:03.534  INFO 4204 --- [restartedMain] o.s.b.d.a.OptionalLiveReloadServer       : LiveReload server is running on port 35729
2018-09-18 09:17:03.635  INFO 4204 --- [restartedMain] o.s.j.e.a.AnnotationMBeanExporter        : Registering beans for JMX exposure on startup
2018-09-18 09:17:03.645  INFO 4204 --- [restartedMain] o.s.j.e.a.AnnotationMBeanExporter        : Bean with name 'dataSource' has been autodetected for JMX exposure
2018-09-18 09:17:03.645  INFO 4204 --- [restartedMain] o.s.j.e.a.AnnotationMBeanExporter        : Located MBean 'dataSource': registering with JMX server as MBean [com.alibaba.druid.pool:name=dataSource,type=DruidDataSource]
2018-09-18 09:17:03.745  INFO 4204 --- [restartedMain] o.s.b.w.embedded.tomcat.TomcatWebServer  : Tomcat started on port(s): 8081 (http) with context path '/asiamarketshop'
2018-09-18 09:17:03.745  INFO 4204 --- [restartedMain] com.baizhi.clf.ApplicationRun            : Started ApplicationRun in 9.169 seconds (JVM running for 10.004)
2018-09-18 09:17:34.751  INFO 4204 --- [http-nio-8081-exec-1] o.a.c.c.C.[.[.[/asiamarketshop]          : Initializing Spring FrameworkServlet 'dispatcherServlet'
2018-09-18 09:17:34.752  INFO 4204 --- [http-nio-8081-exec-1] o.s.web.servlet.DispatcherServlet        : FrameworkServlet 'dispatcherServlet': initialization started
2018-09-18 09:17:34.815  INFO 4204 --- [http-nio-8081-exec-1] o.s.web.servlet.DispatcherServlet        : FrameworkServlet 'dispatcherServlet': initialization completed in 62 ms
2018-09-18 09:17:34.947 DEBUG 4204 --- [http-nio-8081-exec-1] com.baizhi.clf.filter.B_AccessFilter     : ===========s==http://localhost:8081/asiamarketshop/toshop/toRecommendShop;jsessionid=09A8A12DA13FE91BB50E199017D22961========
2018-09-18 09:17:35.085  INFO 4204 --- [http-nio-8081-exec-1] com.alibaba.druid.pool.DruidDataSource   : {dataSource-1} inited
2018-09-18 09:17:35.371 DEBUG 4204 --- [http-nio-8081-exec-1] c.b.clf.dao.SUrlDAO.selectAdminIdByUrl   : ==>  Preparing: select id,admin_id as adminId,url,status,name1,name2,min_price as minPrice from s_url where url=? and status='激活' 
2018-09-18 09:17:35.399 DEBUG 4204 --- [http-nio-8081-exec-1] c.b.clf.dao.SUrlDAO.selectAdminIdByUrl   : ==> Parameters: http://localhost:8081/asiamarketshop/toshop/toRecommendShop;jsessionid=09A8A12DA13FE91BB50E199017D22961(String)
2018-09-18 09:17:35.429 DEBUG 4204 --- [http-nio-8081-exec-1] c.b.clf.dao.SUrlDAO.selectAdminIdByUrl   : <==      Total: 0
2018-09-18 09:17:35.479 DEBUG 4204 --- [http-nio-8081-exec-1] c.b.c.dao.SUrlDAO.selectSurlByCondition  : ==>  Preparing: select id,admin_id as adminId,url,status,name1,name2,min_price as minPrice from s_url where name2 = 'Einkaufen001' 
2018-09-18 09:17:35.480 DEBUG 4204 --- [http-nio-8081-exec-1] c.b.c.dao.SUrlDAO.selectSurlByCondition  : ==> Parameters: 
2018-09-18 09:17:35.494 DEBUG 4204 --- [http-nio-8081-exec-1] c.b.c.dao.SUrlDAO.selectSurlByCondition  : <==      Total: 1
2018-09-18 09:17:35.495 DEBUG 4204 --- [http-nio-8081-exec-1] c.b.clf.dao.AdminDAO.selectAdminById     : ==>  Preparing: select t1.id,username,password,mobilePhone,email from t_s_base_user t1 left join t_s_user t2 on t1.id = t2.id where t1.id = ? 
2018-09-18 09:17:35.496 DEBUG 4204 --- [http-nio-8081-exec-1] c.b.clf.dao.AdminDAO.selectAdminById     : ==> Parameters: 40285681655560bf016555e55adc0035(String)
2018-09-18 09:17:35.513 DEBUG 4204 --- [http-nio-8081-exec-1] c.b.clf.dao.AdminDAO.selectAdminById     : <==      Total: 1
2018-09-18 09:17:35.514 DEBUG 4204 --- [http-nio-8081-exec-1] com.baizhi.clf.filter.B_AccessFilter     : 包邮80.0
2018-09-18 09:17:35.515 DEBUG 4204 --- [http-nio-8081-exec-1] com.baizhi.clf.filter.D_LanguageFilter   : userAgent:  Mozilla/5.0 (Windows NT 10.0; Win64; x64) AppleWebKit/537.36 (KHTML, like Gecko) Chrome/69.0.3472.3 Safari/537.36
2018-09-18 09:17:35.515 DEBUG 4204 --- [http-nio-8081-exec-1] com.baizhi.clf.filter.D_LanguageFilter   : zh
2018-09-18 09:17:41.514 DEBUG 4204 --- [http-nio-8081-exec-7] com.baizhi.clf.filter.B_AccessFilter     : ===========s==http://localhost:8081/asiamarketshop/toshop/toRecommendShop========
2018-09-18 09:17:41.514 DEBUG 4204 --- [http-nio-8081-exec-7] c.b.clf.dao.SUrlDAO.selectAdminIdByUrl   : ==>  Preparing: select id,admin_id as adminId,url,status,name1,name2,min_price as minPrice from s_url where url=? and status='激活' 
2018-09-18 09:17:41.515 DEBUG 4204 --- [http-nio-8081-exec-7] c.b.clf.dao.SUrlDAO.selectAdminIdByUrl   : ==> Parameters: http://localhost:8081/asiamarketshop/toshop/toRecommendShop(String)
2018-09-18 09:17:41.517 DEBUG 4204 --- [http-nio-8081-exec-7] c.b.clf.dao.SUrlDAO.selectAdminIdByUrl   : <==      Total: 0
2018-09-18 09:17:41.518 DEBUG 4204 --- [http-nio-8081-exec-7] c.b.c.dao.SUrlDAO.selectSurlByCondition  : ==>  Preparing: select id,admin_id as adminId,url,status,name1,name2,min_price as minPrice from s_url where name2 = 'Einkaufen001' 
2018-09-18 09:17:41.519 DEBUG 4204 --- [http-nio-8081-exec-7] c.b.c.dao.SUrlDAO.selectSurlByCondition  : ==> Parameters: 
2018-09-18 09:17:41.521 DEBUG 4204 --- [http-nio-8081-exec-7] c.b.c.dao.SUrlDAO.selectSurlByCondition  : <==      Total: 1
2018-09-18 09:17:41.521 DEBUG 4204 --- [http-nio-8081-exec-7] c.b.clf.dao.AdminDAO.selectAdminById     : ==>  Preparing: select t1.id,username,password,mobilePhone,email from t_s_base_user t1 left join t_s_user t2 on t1.id = t2.id where t1.id = ? 
2018-09-18 09:17:41.521 DEBUG 4204 --- [http-nio-8081-exec-7] c.b.clf.dao.AdminDAO.selectAdminById     : ==> Parameters: 40285681655560bf016555e55adc0035(String)
2018-09-18 09:17:41.525 DEBUG 4204 --- [http-nio-8081-exec-7] c.b.clf.dao.AdminDAO.selectAdminById     : <==      Total: 1
2018-09-18 09:17:41.525 DEBUG 4204 --- [http-nio-8081-exec-7] com.baizhi.clf.filter.B_AccessFilter     : 包邮80.0
2018-09-18 09:17:41.525 DEBUG 4204 --- [http-nio-8081-exec-7] com.baizhi.clf.filter.D_LanguageFilter   : userAgent:  Mozilla/5.0 (Windows NT 10.0; Win64; x64) AppleWebKit/537.36 (KHTML, like Gecko) Chrome/69.0.3472.3 Safari/537.36
2018-09-18 09:17:41.526 DEBUG 4204 --- [http-nio-8081-exec-7] com.baizhi.clf.filter.D_LanguageFilter   : zh
2018-09-18 09:17:41.809 DEBUG 4204 --- [http-nio-8081-exec-1] com.baizhi.clf.filter.B_AccessFilter     : ===========s==http://localhost:8081/asiamarketshop/toshop/toRecommendShop========
2018-09-18 09:17:41.809 DEBUG 4204 --- [http-nio-8081-exec-1] c.b.clf.dao.SUrlDAO.selectAdminIdByUrl   : ==>  Preparing: select id,admin_id as adminId,url,status,name1,name2,min_price as minPrice from s_url where url=? and status='激活' 
2018-09-18 09:17:41.810 DEBUG 4204 --- [http-nio-8081-exec-1] c.b.clf.dao.SUrlDAO.selectAdminIdByUrl   : ==> Parameters: http://localhost:8081/asiamarketshop/toshop/toRecommendShop(String)
2018-09-18 09:17:41.811 DEBUG 4204 --- [http-nio-8081-exec-1] c.b.clf.dao.SUrlDAO.selectAdminIdByUrl   : <==      Total: 0
2018-09-18 09:17:41.811 DEBUG 4204 --- [http-nio-8081-exec-1] c.b.c.dao.SUrlDAO.selectSurlByCondition  : ==>  Preparing: select id,admin_id as adminId,url,status,name1,name2,min_price as minPrice from s_url where name2 = 'Einkaufen001' 
2018-09-18 09:17:41.812 DEBUG 4204 --- [http-nio-8081-exec-1] c.b.c.dao.SUrlDAO.selectSurlByCondition  : ==> Parameters: 
2018-09-18 09:17:41.813 DEBUG 4204 --- [http-nio-8081-exec-1] c.b.c.dao.SUrlDAO.selectSurlByCondition  : <==      Total: 1
2018-09-18 09:17:41.814 DEBUG 4204 --- [http-nio-8081-exec-1] c.b.clf.dao.AdminDAO.selectAdminById     : ==>  Preparing: select t1.id,username,password,mobilePhone,email from t_s_base_user t1 left join t_s_user t2 on t1.id = t2.id where t1.id = ? 
2018-09-18 09:17:41.815 DEBUG 4204 --- [http-nio-8081-exec-1] c.b.clf.dao.AdminDAO.selectAdminById     : ==> Parameters: 40285681655560bf016555e55adc0035(String)
2018-09-18 09:17:41.816 DEBUG 4204 --- [http-nio-8081-exec-1] c.b.clf.dao.AdminDAO.selectAdminById     : <==      Total: 1
2018-09-18 09:17:41.817 DEBUG 4204 --- [http-nio-8081-exec-1] com.baizhi.clf.filter.B_AccessFilter     : 包邮80.0
2018-09-18 09:17:41.817 DEBUG 4204 --- [http-nio-8081-exec-1] com.baizhi.clf.filter.D_LanguageFilter   : userAgent:  Mozilla/5.0 (iPhone; CPU iPhone OS 11_0 like Mac OS X) AppleWebKit/604.1.38 (KHTML, like Gecko) Version/11.0 Mobile/15A372 Safari/604.1
2018-09-18 09:17:41.817 DEBUG 4204 --- [http-nio-8081-exec-1] com.baizhi.clf.filter.D_LanguageFilter   : zh
2018-09-18 09:17:42.807 DEBUG 4204 --- [http-nio-8081-exec-9] com.baizhi.clf.service.UserServiceImpl   : 783100800
2018-09-18 09:17:42.816 DEBUG 4204 --- [http-nio-8081-exec-9] c.b.c.dao.UserDAO.selectUserByUsername   : ==>  Preparing: select id,phone,address,cookieid,name from s_user where cookieid = ? 
2018-09-18 09:17:42.818 DEBUG 4204 --- [http-nio-8081-exec-9] c.b.c.dao.UserDAO.selectUserByUsername   : ==> Parameters: 783100800(String)
2018-09-18 09:17:42.832 DEBUG 4204 --- [http-nio-8081-exec-9] c.b.c.dao.UserDAO.selectUserByUsername   : <==      Total: 1
2018-09-18 09:17:43.021 DEBUG 4204 --- [http-nio-8081-exec-1] c.b.c.d.A.selectAdminCategorys           : ==>  Preparing: select id,category_id as categoryId,admin_id as adminId from s_admin_category where admin_id = ? 
2018-09-18 09:17:43.028 DEBUG 4204 --- [http-nio-8081-exec-1] c.b.c.d.A.selectAdminCategorys           : ==> Parameters: 40285681655560bf016555e55adc0035(String)
2018-09-18 09:17:43.039 DEBUG 4204 --- [http-nio-8081-exec-1] c.b.c.d.A.selectAdminCategorys           : <==      Total: 2
2018-09-18 09:17:43.040 DEBUG 4204 --- [http-nio-8081-exec-1] c.b.c.d.CategoryDAO.selectCategoryById   : ==>  Preparing: select id,name from s_category where id = ? 
2018-09-18 09:17:43.040 DEBUG 4204 --- [http-nio-8081-exec-1] c.b.c.d.CategoryDAO.selectCategoryById   : ==> Parameters: 0000000062d172aa0162d3b94bc9001c(String)
2018-09-18 09:17:43.050 DEBUG 4204 --- [http-nio-8081-exec-1] c.b.c.d.CategoryDAO.selectCategoryById   : <==      Total: 1
2018-09-18 09:17:43.051 DEBUG 4204 --- [http-nio-8081-exec-1] c.b.c.d.CategoryDAO.selectCategoryById   : ==>  Preparing: select id,name from s_category where id = ? 
2018-09-18 09:17:43.051 DEBUG 4204 --- [http-nio-8081-exec-1] c.b.c.d.CategoryDAO.selectCategoryById   : ==> Parameters: 0000000062d172aa0162d3b7e55a0010(String)
2018-09-18 09:17:43.054 DEBUG 4204 --- [http-nio-8081-exec-1] c.b.c.d.CategoryDAO.selectCategoryById   : <==      Total: 1
2018-09-18 09:17:43.072 DEBUG 4204 --- [http-nio-8081-exec-10] c.b.c.d.ProductDAO.selectProductByDsql   : ==>  Preparing: select s.id,s.name,s.description,s.price,s.imgSrc,s.category_id as categoryId,s.content,s.productNum,s.chinaUnit,s.italyUnit from s_product s left join s_admin_product sa on s.id = sa.product_id where admin_id='40285681655560bf016555e55adc0035' limit ?,? 
2018-09-18 09:17:43.115 DEBUG 4204 --- [http-nio-8081-exec-10] c.b.c.d.ProductDAO.selectProductByDsql   : ==> Parameters: 0(Integer), 15(Integer)
2018-09-18 09:17:43.145 DEBUG 4204 --- [http-nio-8081-exec-10] c.b.c.d.ProductDAO.selectProductByDsql   : <==      Total: 10
2018-09-18 09:17:43.146 DEBUG 4204 --- [http-nio-8081-exec-10] c.b.c.dao.ProductDAO.selectCountsByDsql  : ==>  Preparing: select count(*) from s_product s left join s_admin_product sa on s.id = sa.product_id where admin_id='40285681655560bf016555e55adc0035' 
2018-09-18 09:17:43.147 DEBUG 4204 --- [http-nio-8081-exec-10] c.b.c.dao.ProductDAO.selectCountsByDsql  : ==> Parameters: 
2018-09-18 09:17:43.150 DEBUG 4204 --- [http-nio-8081-exec-10] c.b.c.dao.ProductDAO.selectCountsByDsql  : <==      Total: 1
2018-09-18 09:17:47.292 DEBUG 4204 --- [http-nio-8081-exec-4] com.baizhi.clf.service.UserServiceImpl   : 783100800
2018-09-18 09:17:47.294 DEBUG 4204 --- [http-nio-8081-exec-4] c.b.c.dao.UserDAO.selectUserByUsername   : ==>  Preparing: select id,phone,address,cookieid,name from s_user where cookieid = ? 
2018-09-18 09:17:47.295 DEBUG 4204 --- [http-nio-8081-exec-4] c.b.c.dao.UserDAO.selectUserByUsername   : ==> Parameters: 783100800(String)
2018-09-18 09:17:47.299 DEBUG 4204 --- [http-nio-8081-exec-4] c.b.c.dao.UserDAO.selectUserByUsername   : <==      Total: 1
2018-09-18 09:17:47.317 DEBUG 4204 --- [http-nio-8081-exec-2] c.b.c.d.A.selectAdminCategorys           : ==>  Preparing: select id,category_id as categoryId,admin_id as adminId from s_admin_category where admin_id = ? 
2018-09-18 09:17:47.320 DEBUG 4204 --- [http-nio-8081-exec-2] c.b.c.d.A.selectAdminCategorys           : ==> Parameters: 40285681655560bf016555e55adc0035(String)
2018-09-18 09:17:47.322 DEBUG 4204 --- [http-nio-8081-exec-2] c.b.c.d.A.selectAdminCategorys           : <==      Total: 2
2018-09-18 09:17:47.324 DEBUG 4204 --- [http-nio-8081-exec-2] c.b.c.d.CategoryDAO.selectCategoryById   : ==>  Preparing: select id,name from s_category where id = ? 
2018-09-18 09:17:47.324 DEBUG 4204 --- [http-nio-8081-exec-2] c.b.c.d.CategoryDAO.selectCategoryById   : ==> Parameters: 0000000062d172aa0162d3b94bc9001c(String)
2018-09-18 09:17:47.326 DEBUG 4204 --- [http-nio-8081-exec-2] c.b.c.d.CategoryDAO.selectCategoryById   : <==      Total: 1
2018-09-18 09:17:47.327 DEBUG 4204 --- [http-nio-8081-exec-2] c.b.c.d.CategoryDAO.selectCategoryById   : ==>  Preparing: select id,name from s_category where id = ? 
2018-09-18 09:17:47.328 DEBUG 4204 --- [http-nio-8081-exec-2] c.b.c.d.CategoryDAO.selectCategoryById   : ==> Parameters: 0000000062d172aa0162d3b7e55a0010(String)
2018-09-18 09:17:47.329 DEBUG 4204 --- [http-nio-8081-exec-2] c.b.c.d.CategoryDAO.selectCategoryById   : <==      Total: 1
2018-09-18 09:17:47.330 DEBUG 4204 --- [http-nio-8081-exec-9] c.b.c.d.ProductDAO.selectProductByDsql   : ==>  Preparing: select s.id,s.name,s.description,s.price,s.imgSrc,s.category_id as categoryId,s.content,s.productNum,s.chinaUnit,s.italyUnit from s_product s left join s_admin_product sa on s.id = sa.product_id where admin_id='40285681655560bf016555e55adc0035' limit ?,? 
2018-09-18 09:17:47.333 DEBUG 4204 --- [http-nio-8081-exec-9] c.b.c.d.ProductDAO.selectProductByDsql   : ==> Parameters: 0(Integer), 15(Integer)
2018-09-18 09:17:47.344 DEBUG 4204 --- [http-nio-8081-exec-9] c.b.c.d.ProductDAO.selectProductByDsql   : <==      Total: 10
2018-09-18 09:17:47.345 DEBUG 4204 --- [http-nio-8081-exec-9] c.b.c.dao.ProductDAO.selectCountsByDsql  : ==>  Preparing: select count(*) from s_product s left join s_admin_product sa on s.id = sa.product_id where admin_id='40285681655560bf016555e55adc0035' 
2018-09-18 09:17:47.345 DEBUG 4204 --- [http-nio-8081-exec-9] c.b.c.dao.ProductDAO.selectCountsByDsql  : ==> Parameters: 
2018-09-18 09:17:47.347 DEBUG 4204 --- [http-nio-8081-exec-9] c.b.c.dao.ProductDAO.selectCountsByDsql  : <==      Total: 1
2018-09-18 09:17:49.092 DEBUG 4204 --- [http-nio-8081-exec-8] com.baizhi.clf.service.UserServiceImpl   : 783100800
2018-09-18 09:17:49.093 DEBUG 4204 --- [http-nio-8081-exec-8] c.b.c.dao.UserDAO.selectUserByUsername   : ==>  Preparing: select id,phone,address,cookieid,name from s_user where cookieid = ? 
2018-09-18 09:17:49.094 DEBUG 4204 --- [http-nio-8081-exec-8] c.b.c.dao.UserDAO.selectUserByUsername   : ==> Parameters: 783100800(String)
2018-09-18 09:17:49.104 DEBUG 4204 --- [http-nio-8081-exec-8] c.b.c.dao.UserDAO.selectUserByUsername   : <==      Total: 1
2018-09-18 09:17:49.118 DEBUG 4204 --- [http-nio-8081-exec-3] c.b.c.d.A.selectAdminCategorys           : ==>  Preparing: select id,category_id as categoryId,admin_id as adminId from s_admin_category where admin_id = ? 
2018-09-18 09:17:49.120 DEBUG 4204 --- [http-nio-8081-exec-6] c.b.c.d.ProductDAO.selectProductByDsql   : ==>  Preparing: select s.id,s.name,s.description,s.price,s.imgSrc,s.category_id as categoryId,s.content,s.productNum,s.chinaUnit,s.italyUnit from s_product s left join s_admin_product sa on s.id = sa.product_id where admin_id='40285681655560bf016555e55adc0035' limit ?,? 
2018-09-18 09:17:49.121 DEBUG 4204 --- [http-nio-8081-exec-6] c.b.c.d.ProductDAO.selectProductByDsql   : ==> Parameters: 0(Integer), 15(Integer)
2018-09-18 09:17:49.121 DEBUG 4204 --- [http-nio-8081-exec-3] c.b.c.d.A.selectAdminCategorys           : ==> Parameters: 40285681655560bf016555e55adc0035(String)
2018-09-18 09:17:49.125 DEBUG 4204 --- [http-nio-8081-exec-6] c.b.c.d.ProductDAO.selectProductByDsql   : <==      Total: 10
2018-09-18 09:17:49.126 DEBUG 4204 --- [http-nio-8081-exec-6] c.b.c.dao.ProductDAO.selectCountsByDsql  : ==>  Preparing: select count(*) from s_product s left join s_admin_product sa on s.id = sa.product_id where admin_id='40285681655560bf016555e55adc0035' 
2018-09-18 09:17:49.126 DEBUG 4204 --- [http-nio-8081-exec-6] c.b.c.dao.ProductDAO.selectCountsByDsql  : ==> Parameters: 
2018-09-18 09:17:49.128 DEBUG 4204 --- [http-nio-8081-exec-6] c.b.c.dao.ProductDAO.selectCountsByDsql  : <==      Total: 1
2018-09-18 09:17:49.133 DEBUG 4204 --- [http-nio-8081-exec-3] c.b.c.d.A.selectAdminCategorys           : <==      Total: 2
2018-09-18 09:17:49.133 DEBUG 4204 --- [http-nio-8081-exec-3] c.b.c.d.CategoryDAO.selectCategoryById   : ==>  Preparing: select id,name from s_category where id = ? 
2018-09-18 09:17:49.134 DEBUG 4204 --- [http-nio-8081-exec-3] c.b.c.d.CategoryDAO.selectCategoryById   : ==> Parameters: 0000000062d172aa0162d3b94bc9001c(String)
2018-09-18 09:17:49.144 DEBUG 4204 --- [http-nio-8081-exec-3] c.b.c.d.CategoryDAO.selectCategoryById   : <==      Total: 1
2018-09-18 09:17:49.144 DEBUG 4204 --- [http-nio-8081-exec-3] c.b.c.d.CategoryDAO.selectCategoryById   : ==>  Preparing: select id,name from s_category where id = ? 
2018-09-18 09:17:49.145 DEBUG 4204 --- [http-nio-8081-exec-3] c.b.c.d.CategoryDAO.selectCategoryById   : ==> Parameters: 0000000062d172aa0162d3b7e55a0010(String)
2018-09-18 09:17:49.146 DEBUG 4204 --- [http-nio-8081-exec-3] c.b.c.d.CategoryDAO.selectCategoryById   : <==      Total: 1
2018-09-18 09:18:29.820 DEBUG 4204 --- [http-nio-8081-exec-1] com.baizhi.clf.service.OrderServiceImpl  : sessionAdmin:Admin [id=40285681655560bf016555e55adc0035, password=52c356a463b5d4fc, username=test1, mobilePhone=13245677654, email=14564566@qq.com]
2018-09-18 09:18:29.821 DEBUG 4204 --- [http-nio-8081-exec-1] com.baizhi.clf.service.OrderServiceImpl  : sessionUser:SuserEntity [id=e0bbcf4c-8d69-464c-a249-9e830e15aae6, cookieid=783100800, phone=238942348, address=sdfsdfsd, name=zhangs]
2018-09-18 09:18:29.824 DEBUG 4204 --- [http-nio-8081-exec-1] c.baizhi.clf.dao.OrderDAO.selectOrders   : ==>  Preparing: select id,order_num as orderNum,order_status as orderStatus,order_salary as orderSalary,user_id as userId,admin_id as adminId,shop_id as shopId from s_order where user_Id = ? and admin_id = ? 
2018-09-18 09:18:29.825 DEBUG 4204 --- [http-nio-8081-exec-1] c.baizhi.clf.dao.OrderDAO.selectOrders   : ==> Parameters: e0bbcf4c-8d69-464c-a249-9e830e15aae6(String), 40285681655560bf016555e55adc0035(String)
2018-09-18 09:18:29.836 DEBUG 4204 --- [http-nio-8081-exec-1] c.baizhi.clf.dao.OrderDAO.selectOrders   : <==      Total: 9
2018-09-18 09:18:29.836 DEBUG 4204 --- [http-nio-8081-exec-1] com.baizhi.clf.service.OrderServiceImpl  : SorderEntity [id=1713498b-c932-4fd4-b2fb-47d0e354c7b7, orderNum=2018091711435416955459, orderStatus=待处理, orderSalary=30.0, userId=e0bbcf4c-8d69-464c-a249-9e830e15aae6, time=null, shopId=null, adminId=40285681655560bf016555e55adc0035]
2018-09-18 09:18:29.837 DEBUG 4204 --- [http-nio-8081-exec-1] c.b.clf.dao.OrderDAO.selectOrderItem     : ==>  Preparing: select id,order_id as orderId,product_id as productId,price,count,name,description,imgSrc,productNum from s_order_item where order_id = ? 
2018-09-18 09:18:29.838 DEBUG 4204 --- [http-nio-8081-exec-1] c.b.clf.dao.OrderDAO.selectOrderItem     : ==> Parameters: 2018091711435416955459(String)
2018-09-18 09:18:29.847 DEBUG 4204 --- [http-nio-8081-exec-1] c.b.clf.dao.OrderDAO.selectOrderItem     : <==      Total: 1
2018-09-18 09:18:29.848 DEBUG 4204 --- [http-nio-8081-exec-1] com.baizhi.clf.service.OrderServiceImpl  : SorderEntity [id=22ddd8ff-a492-4492-9e09-4cd7c511b4b1, orderNum=2018091709474493374392, orderStatus=待处理, orderSalary=19.2, userId=e0bbcf4c-8d69-464c-a249-9e830e15aae6, time=null, shopId=null, adminId=40285681655560bf016555e55adc0035]
2018-09-18 09:18:29.848 DEBUG 4204 --- [http-nio-8081-exec-1] c.b.clf.dao.OrderDAO.selectOrderItem     : ==>  Preparing: select id,order_id as orderId,product_id as productId,price,count,name,description,imgSrc,productNum from s_order_item where order_id = ? 
2018-09-18 09:18:29.849 DEBUG 4204 --- [http-nio-8081-exec-1] c.b.clf.dao.OrderDAO.selectOrderItem     : ==> Parameters: 2018091709474493374392(String)
2018-09-18 09:18:29.850 DEBUG 4204 --- [http-nio-8081-exec-1] c.b.clf.dao.OrderDAO.selectOrderItem     : <==      Total: 1
2018-09-18 09:18:29.851 DEBUG 4204 --- [http-nio-8081-exec-1] com.baizhi.clf.service.OrderServiceImpl  : SorderEntity [id=677040b4-73fe-4796-93bc-49dccef17b99, orderNum=2018091708580698448474, orderStatus=待处理, orderSalary=36.0, userId=e0bbcf4c-8d69-464c-a249-9e830e15aae6, time=null, shopId=null, adminId=40285681655560bf016555e55adc0035]
2018-09-18 09:18:29.851 DEBUG 4204 --- [http-nio-8081-exec-1] c.b.clf.dao.OrderDAO.selectOrderItem     : ==>  Preparing: select id,order_id as orderId,product_id as productId,price,count,name,description,imgSrc,productNum from s_order_item where order_id = ? 
2018-09-18 09:18:29.851 DEBUG 4204 --- [http-nio-8081-exec-1] c.b.clf.dao.OrderDAO.selectOrderItem     : ==> Parameters: 2018091708580698448474(String)
2018-09-18 09:18:29.853 DEBUG 4204 --- [http-nio-8081-exec-1] c.b.clf.dao.OrderDAO.selectOrderItem     : <==      Total: 1
2018-09-18 09:18:29.854 DEBUG 4204 --- [http-nio-8081-exec-1] com.baizhi.clf.service.OrderServiceImpl  : SorderEntity [id=79a4f1a0-4e57-4599-ab17-88fba0309163, orderNum=2018091403099372753950, orderStatus=已处理, orderSalary=19.2, userId=e0bbcf4c-8d69-464c-a249-9e830e15aae6, time=null, shopId=null, adminId=40285681655560bf016555e55adc0035]
2018-09-18 09:18:29.854 DEBUG 4204 --- [http-nio-8081-exec-1] c.b.clf.dao.OrderDAO.selectOrderItem     : ==>  Preparing: select id,order_id as orderId,product_id as productId,price,count,name,description,imgSrc,productNum from s_order_item where order_id = ? 
2018-09-18 09:18:29.861 DEBUG 4204 --- [http-nio-8081-exec-1] c.b.clf.dao.OrderDAO.selectOrderItem     : ==> Parameters: 2018091403099372753950(String)
2018-09-18 09:18:29.863 DEBUG 4204 --- [http-nio-8081-exec-1] c.b.clf.dao.OrderDAO.selectOrderItem     : <==      Total: 1
2018-09-18 09:18:29.864 DEBUG 4204 --- [http-nio-8081-exec-1] com.baizhi.clf.service.OrderServiceImpl  : SorderEntity [id=a331617c-ff1c-4520-8681-7f5ed72742d9, orderNum=2018091507345469677203, orderStatus=待处理, orderSalary=18.0, userId=e0bbcf4c-8d69-464c-a249-9e830e15aae6, time=null, shopId=null, adminId=40285681655560bf016555e55adc0035]
2018-09-18 09:18:29.864 DEBUG 4204 --- [http-nio-8081-exec-1] c.b.clf.dao.OrderDAO.selectOrderItem     : ==>  Preparing: select id,order_id as orderId,product_id as productId,price,count,name,description,imgSrc,productNum from s_order_item where order_id = ? 
2018-09-18 09:18:29.866 DEBUG 4204 --- [http-nio-8081-exec-1] c.b.clf.dao.OrderDAO.selectOrderItem     : ==> Parameters: 2018091507345469677203(String)
2018-09-18 09:18:29.868 DEBUG 4204 --- [http-nio-8081-exec-1] c.b.clf.dao.OrderDAO.selectOrderItem     : <==      Total: 1
2018-09-18 09:18:29.868 DEBUG 4204 --- [http-nio-8081-exec-1] com.baizhi.clf.service.OrderServiceImpl  : SorderEntity [id=c693ac82-e30f-497c-b21e-4895ff11ca70, orderNum=2018091711293496904541, orderStatus=待处理, orderSalary=19.2, userId=e0bbcf4c-8d69-464c-a249-9e830e15aae6, time=null, shopId=null, adminId=40285681655560bf016555e55adc0035]
2018-09-18 09:18:29.868 DEBUG 4204 --- [http-nio-8081-exec-1] c.b.clf.dao.OrderDAO.selectOrderItem     : ==>  Preparing: select id,order_id as orderId,product_id as productId,price,count,name,description,imgSrc,productNum from s_order_item where order_id = ? 
2018-09-18 09:18:29.869 DEBUG 4204 --- [http-nio-8081-exec-1] c.b.clf.dao.OrderDAO.selectOrderItem     : ==> Parameters: 2018091711293496904541(String)
2018-09-18 09:18:29.870 DEBUG 4204 --- [http-nio-8081-exec-1] c.b.clf.dao.OrderDAO.selectOrderItem     : <==      Total: 1
2018-09-18 09:18:29.872 DEBUG 4204 --- [http-nio-8081-exec-1] com.baizhi.clf.service.OrderServiceImpl  : SorderEntity [id=e999e41e-9f47-47ea-a796-b6859c67e44b, orderNum=2018091709516354624913, orderStatus=待处理, orderSalary=19.2, userId=e0bbcf4c-8d69-464c-a249-9e830e15aae6, time=null, shopId=null, adminId=40285681655560bf016555e55adc0035]
2018-09-18 09:18:29.872 DEBUG 4204 --- [http-nio-8081-exec-1] c.b.clf.dao.OrderDAO.selectOrderItem     : ==>  Preparing: select id,order_id as orderId,product_id as productId,price,count,name,description,imgSrc,productNum from s_order_item where order_id = ? 
2018-09-18 09:18:29.872 DEBUG 4204 --- [http-nio-8081-exec-1] c.b.clf.dao.OrderDAO.selectOrderItem     : ==> Parameters: 2018091709516354624913(String)
2018-09-18 09:18:29.874 DEBUG 4204 --- [http-nio-8081-exec-1] c.b.clf.dao.OrderDAO.selectOrderItem     : <==      Total: 1
2018-09-18 09:18:29.875 DEBUG 4204 --- [http-nio-8081-exec-1] com.baizhi.clf.service.OrderServiceImpl  : SorderEntity [id=f706a161-10db-41d0-8261-387e7d48c573, orderNum=2018091709504223864184, orderStatus=待处理, orderSalary=34.2, userId=e0bbcf4c-8d69-464c-a249-9e830e15aae6, time=null, shopId=null, adminId=40285681655560bf016555e55adc0035]
2018-09-18 09:18:29.875 DEBUG 4204 --- [http-nio-8081-exec-1] c.b.clf.dao.OrderDAO.selectOrderItem     : ==>  Preparing: select id,order_id as orderId,product_id as productId,price,count,name,description,imgSrc,productNum from s_order_item where order_id = ? 
2018-09-18 09:18:29.875 DEBUG 4204 --- [http-nio-8081-exec-1] c.b.clf.dao.OrderDAO.selectOrderItem     : ==> Parameters: 2018091709504223864184(String)
2018-09-18 09:18:29.877 DEBUG 4204 --- [http-nio-8081-exec-1] c.b.clf.dao.OrderDAO.selectOrderItem     : <==      Total: 2
2018-09-18 09:18:29.878 DEBUG 4204 --- [http-nio-8081-exec-1] com.baizhi.clf.service.OrderServiceImpl  : SorderEntity [id=ff26e95b-811d-4c08-b0ba-90499f639fd3, orderNum=2018091708574902159284, orderStatus=待处理, orderSalary=19.2, userId=e0bbcf4c-8d69-464c-a249-9e830e15aae6, time=null, shopId=null, adminId=40285681655560bf016555e55adc0035]
2018-09-18 09:18:29.878 DEBUG 4204 --- [http-nio-8081-exec-1] c.b.clf.dao.OrderDAO.selectOrderItem     : ==>  Preparing: select id,order_id as orderId,product_id as productId,price,count,name,description,imgSrc,productNum from s_order_item where order_id = ? 
2018-09-18 09:18:29.882 DEBUG 4204 --- [http-nio-8081-exec-1] c.b.clf.dao.OrderDAO.selectOrderItem     : ==> Parameters: 2018091708574902159284(String)
2018-09-18 09:18:29.884 DEBUG 4204 --- [http-nio-8081-exec-1] c.b.clf.dao.OrderDAO.selectOrderItem     : <==      Total: 1
2018-09-18 09:18:29.930 DEBUG 4204 --- [http-nio-8081-exec-10] c.baizhi.clf.controller.OrderController  : 2018091711435416955459
2018-09-18 09:18:29.940 DEBUG 4204 --- [http-nio-8081-exec-10] c.b.c.d.SorderTypeDAO.selectByOrderNum   : ==>  Preparing: select id,order_num,name,phone,address,qtime from s_order_type where order_num = ? 
2018-09-18 09:18:29.940 DEBUG 4204 --- [http-nio-8081-exec-10] c.b.c.d.SorderTypeDAO.selectByOrderNum   : ==> Parameters: 2018091711435416955459(String)
2018-09-18 09:18:29.951 DEBUG 4204 --- [http-nio-8081-exec-10] c.b.c.d.SorderTypeDAO.selectByOrderNum   : <==      Total: 1
2018-09-18 09:18:29.953 DEBUG 4204 --- [http-nio-8081-exec-10] c.baizhi.clf.controller.OrderController  : SorderTypeEntity [id=61bf1ac5-d276-42b7-8d8b-60781193a2d3, orderNum=null, name=zhangs, phone=238942348, address=null, qtime=9月17日周一14:00]
2018-09-18 09:18:29.968 DEBUG 4204 --- [http-nio-8081-exec-9] c.baizhi.clf.controller.OrderController  : 2018091709474493374392
2018-09-18 09:18:29.969 DEBUG 4204 --- [http-nio-8081-exec-9] c.b.c.d.SorderTypeDAO.selectByOrderNum   : ==>  Preparing: select id,order_num,name,phone,address,qtime from s_order_type where order_num = ? 
2018-09-18 09:18:29.970 DEBUG 4204 --- [http-nio-8081-exec-9] c.b.c.d.SorderTypeDAO.selectByOrderNum   : ==> Parameters: 2018091709474493374392(String)
2018-09-18 09:18:29.972 DEBUG 4204 --- [http-nio-8081-exec-9] c.b.c.d.SorderTypeDAO.selectByOrderNum   : <==      Total: 1
2018-09-18 09:18:29.974 DEBUG 4204 --- [http-nio-8081-exec-9] c.baizhi.clf.controller.OrderController  : SorderTypeEntity [id=215038a3-5bec-468f-a0cd-7ab15c865e67, orderNum=null, name=zhangs, phone=2389423487dsfgsd, address=null, qtime=9月17日周一11:00]
2018-09-18 09:18:29.983 DEBUG 4204 --- [http-nio-8081-exec-6] c.baizhi.clf.controller.OrderController  : 2018091708580698448474
2018-09-18 09:18:29.984 DEBUG 4204 --- [http-nio-8081-exec-6] c.b.c.d.SorderTypeDAO.selectByOrderNum   : ==>  Preparing: select id,order_num,name,phone,address,qtime from s_order_type where order_num = ? 
2018-09-18 09:18:29.985 DEBUG 4204 --- [http-nio-8081-exec-6] c.b.c.d.SorderTypeDAO.selectByOrderNum   : ==> Parameters: 2018091708580698448474(String)
2018-09-18 09:18:29.986 DEBUG 4204 --- [http-nio-8081-exec-6] c.b.c.d.SorderTypeDAO.selectByOrderNum   : <==      Total: 1
2018-09-18 09:18:29.988 DEBUG 4204 --- [http-nio-8081-exec-6] c.baizhi.clf.controller.OrderController  : SorderTypeEntity [id=f0fd4ca1-5ad5-4a21-91ec-65a82b6f35c6, orderNum=null, name=zhangs, phone=2389423487, address=null, qtime=9.17Montag11:00]
2018-09-18 09:18:29.999 DEBUG 4204 --- [http-nio-8081-exec-4] c.baizhi.clf.controller.OrderController  : 2018091403099372753950
2018-09-18 09:18:30.000 DEBUG 4204 --- [http-nio-8081-exec-4] c.b.c.d.SorderTypeDAO.selectByOrderNum   : ==>  Preparing: select id,order_num,name,phone,address,qtime from s_order_type where order_num = ? 
2018-09-18 09:18:30.001 DEBUG 4204 --- [http-nio-8081-exec-4] c.b.c.d.SorderTypeDAO.selectByOrderNum   : ==> Parameters: 2018091403099372753950(String)
2018-09-18 09:18:30.002 DEBUG 4204 --- [http-nio-8081-exec-4] c.b.c.d.SorderTypeDAO.selectByOrderNum   : <==      Total: 1
2018-09-18 09:18:30.004 DEBUG 4204 --- [http-nio-8081-exec-4] c.baizhi.clf.controller.OrderController  : SorderTypeEntity [id=29318ad2-392c-414f-8630-e42aa5ec6278, orderNum=null, name=zhang3, phone=3742374723, address=null, qtime=9.15Samstag11:00]
2018-09-18 09:18:30.013 DEBUG 4204 --- [http-nio-8081-exec-8] c.baizhi.clf.controller.OrderController  : 2018091507345469677203
2018-09-18 09:18:30.014 DEBUG 4204 --- [http-nio-8081-exec-8] c.b.c.d.SorderTypeDAO.selectByOrderNum   : ==>  Preparing: select id,order_num,name,phone,address,qtime from s_order_type where order_num = ? 
2018-09-18 09:18:30.015 DEBUG 4204 --- [http-nio-8081-exec-8] c.b.c.d.SorderTypeDAO.selectByOrderNum   : ==> Parameters: 2018091507345469677203(String)
2018-09-18 09:18:30.017 DEBUG 4204 --- [http-nio-8081-exec-8] c.b.c.d.SorderTypeDAO.selectByOrderNum   : <==      Total: 1
2018-09-18 09:18:30.019 DEBUG 4204 --- [http-nio-8081-exec-8] c.baizhi.clf.controller.OrderController  : SorderTypeEntity [id=8366cd48-affc-4c4e-833c-8248deae55aa, orderNum=null, name=zhang3, phone=3742374723, address=null, qtime=9月15日周六20:00]
2018-09-18 09:18:30.031 DEBUG 4204 --- [http-nio-8081-exec-3] c.baizhi.clf.controller.OrderController  : 2018091711293496904541
2018-09-18 09:18:30.033 DEBUG 4204 --- [http-nio-8081-exec-3] c.b.c.d.SorderTypeDAO.selectByOrderNum   : ==>  Preparing: select id,order_num,name,phone,address,qtime from s_order_type where order_num = ? 
2018-09-18 09:18:30.033 DEBUG 4204 --- [http-nio-8081-exec-3] c.b.c.d.SorderTypeDAO.selectByOrderNum   : ==> Parameters: 2018091711293496904541(String)
2018-09-18 09:18:30.035 DEBUG 4204 --- [http-nio-8081-exec-3] c.b.c.d.SorderTypeDAO.selectByOrderNum   : <==      Total: 1
2018-09-18 09:18:30.037 DEBUG 4204 --- [http-nio-8081-exec-3] c.baizhi.clf.controller.OrderController  : SorderTypeEntity [id=0bd541d4-2151-4836-b46a-5f476ef5daec, orderNum=null, name=zhangs, phone=238942348, address=null, qtime=9.17Montag13:00]
2018-09-18 09:18:30.048 DEBUG 4204 --- [http-nio-8081-exec-2] c.baizhi.clf.controller.OrderController  : 2018091709516354624913
2018-09-18 09:18:30.049 DEBUG 4204 --- [http-nio-8081-exec-2] c.b.c.d.SorderTypeDAO.selectByOrderNum   : ==>  Preparing: select id,order_num,name,phone,address,qtime from s_order_type where order_num = ? 
2018-09-18 09:18:30.049 DEBUG 4204 --- [http-nio-8081-exec-2] c.b.c.d.SorderTypeDAO.selectByOrderNum   : ==> Parameters: 2018091709516354624913(String)
2018-09-18 09:18:30.051 DEBUG 4204 --- [http-nio-8081-exec-2] c.b.c.d.SorderTypeDAO.selectByOrderNum   : <==      Total: 1
2018-09-18 09:18:30.053 DEBUG 4204 --- [http-nio-8081-exec-2] c.baizhi.clf.controller.OrderController  : SorderTypeEntity [id=64986aff-0d69-4d91-bd3d-29e928c6b8bb, orderNum=null, name=zhangs, phone=2389423487dsfgsd, address=null, qtime=9月17日周一11:00]
2018-09-18 09:18:30.069 DEBUG 4204 --- [http-nio-8081-exec-5] c.baizhi.clf.controller.OrderController  : 2018091709504223864184
2018-09-18 09:18:30.070 DEBUG 4204 --- [http-nio-8081-exec-5] c.b.c.d.SorderTypeDAO.selectByOrderNum   : ==>  Preparing: select id,order_num,name,phone,address,qtime from s_order_type where order_num = ? 
2018-09-18 09:18:30.070 DEBUG 4204 --- [http-nio-8081-exec-5] c.b.c.d.SorderTypeDAO.selectByOrderNum   : ==> Parameters: 2018091709504223864184(String)
2018-09-18 09:18:30.072 DEBUG 4204 --- [http-nio-8081-exec-5] c.b.c.d.SorderTypeDAO.selectByOrderNum   : <==      Total: 1
2018-09-18 09:18:30.074 DEBUG 4204 --- [http-nio-8081-exec-5] c.baizhi.clf.controller.OrderController  : SorderTypeEntity [id=604f0302-bf80-4005-96cf-6be7e1a29770, orderNum=null, name=zhangs, phone=238942348, address=sdfsdfsd, qtime=null]
2018-09-18 09:18:30.086 DEBUG 4204 --- [http-nio-8081-exec-7] c.baizhi.clf.controller.OrderController  : 2018091708574902159284
2018-09-18 09:18:30.087 DEBUG 4204 --- [http-nio-8081-exec-7] c.b.c.d.SorderTypeDAO.selectByOrderNum   : ==>  Preparing: select id,order_num,name,phone,address,qtime from s_order_type where order_num = ? 
2018-09-18 09:18:30.087 DEBUG 4204 --- [http-nio-8081-exec-7] c.b.c.d.SorderTypeDAO.selectByOrderNum   : ==> Parameters: 2018091708574902159284(String)
2018-09-18 09:18:30.088 DEBUG 4204 --- [http-nio-8081-exec-7] c.b.c.d.SorderTypeDAO.selectByOrderNum   : <==      Total: 1
2018-09-18 09:18:30.090 DEBUG 4204 --- [http-nio-8081-exec-7] c.baizhi.clf.controller.OrderController  : SorderTypeEntity [id=c355cab0-2b0f-4059-bcf1-329573b3b48c, orderNum=null, name=zhang3, phone=3742374723, address=null, qtime=9.17Montag11:00]
2018-09-18 09:18:32.155 DEBUG 4204 --- [http-nio-8081-exec-7] com.baizhi.clf.service.UserServiceImpl   : 783100800
2018-09-18 09:18:32.155 DEBUG 4204 --- [http-nio-8081-exec-7] c.b.c.dao.UserDAO.selectUserByUsername   : ==>  Preparing: select id,phone,address,cookieid,name from s_user where cookieid = ? 
2018-09-18 09:18:32.156 DEBUG 4204 --- [http-nio-8081-exec-7] c.b.c.dao.UserDAO.selectUserByUsername   : ==> Parameters: 783100800(String)
2018-09-18 09:18:32.157 DEBUG 4204 --- [http-nio-8081-exec-7] c.b.c.dao.UserDAO.selectUserByUsername   : <==      Total: 1
2018-09-18 09:18:32.172 DEBUG 4204 --- [http-nio-8081-exec-1] c.b.c.d.ProductDAO.selectProductByDsql   : ==>  Preparing: select s.id,s.name,s.description,s.price,s.imgSrc,s.category_id as categoryId,s.content,s.productNum,s.chinaUnit,s.italyUnit from s_product s left join s_admin_product sa on s.id = sa.product_id where admin_id='40285681655560bf016555e55adc0035' limit ?,? 
2018-09-18 09:18:32.172 DEBUG 4204 --- [http-nio-8081-exec-1] c.b.c.d.ProductDAO.selectProductByDsql   : ==> Parameters: 0(Integer), 15(Integer)
2018-09-18 09:18:32.174 DEBUG 4204 --- [http-nio-8081-exec-10] c.b.c.d.A.selectAdminCategorys           : ==>  Preparing: select id,category_id as categoryId,admin_id as adminId from s_admin_category where admin_id = ? 
2018-09-18 09:18:32.175 DEBUG 4204 --- [http-nio-8081-exec-10] c.b.c.d.A.selectAdminCategorys           : ==> Parameters: 40285681655560bf016555e55adc0035(String)
2018-09-18 09:18:32.178 DEBUG 4204 --- [http-nio-8081-exec-10] c.b.c.d.A.selectAdminCategorys           : <==      Total: 2
2018-09-18 09:18:32.183 DEBUG 4204 --- [http-nio-8081-exec-10] c.b.c.d.CategoryDAO.selectCategoryById   : ==>  Preparing: select id,name from s_category where id = ? 
2018-09-18 09:18:32.184 DEBUG 4204 --- [http-nio-8081-exec-10] c.b.c.d.CategoryDAO.selectCategoryById   : ==> Parameters: 0000000062d172aa0162d3b94bc9001c(String)
2018-09-18 09:18:32.192 DEBUG 4204 --- [http-nio-8081-exec-1] c.b.c.d.ProductDAO.selectProductByDsql   : <==      Total: 10
2018-09-18 09:18:32.192 DEBUG 4204 --- [http-nio-8081-exec-1] c.b.c.dao.ProductDAO.selectCountsByDsql  : ==>  Preparing: select count(*) from s_product s left join s_admin_product sa on s.id = sa.product_id where admin_id='40285681655560bf016555e55adc0035' 
2018-09-18 09:18:32.193 DEBUG 4204 --- [http-nio-8081-exec-1] c.b.c.dao.ProductDAO.selectCountsByDsql  : ==> Parameters: 
2018-09-18 09:18:32.194 DEBUG 4204 --- [http-nio-8081-exec-1] c.b.c.dao.ProductDAO.selectCountsByDsql  : <==      Total: 1
2018-09-18 09:18:32.197 DEBUG 4204 --- [http-nio-8081-exec-10] c.b.c.d.CategoryDAO.selectCategoryById   : <==      Total: 1
2018-09-18 09:18:32.199 DEBUG 4204 --- [http-nio-8081-exec-10] c.b.c.d.CategoryDAO.selectCategoryById   : ==>  Preparing: select id,name from s_category where id = ? 
2018-09-18 09:18:32.199 DEBUG 4204 --- [http-nio-8081-exec-10] c.b.c.d.CategoryDAO.selectCategoryById   : ==> Parameters: 0000000062d172aa0162d3b7e55a0010(String)
2018-09-18 09:18:32.200 DEBUG 4204 --- [http-nio-8081-exec-10] c.b.c.d.CategoryDAO.selectCategoryById   : <==      Total: 1
2018-09-18 09:18:33.129 DEBUG 4204 --- [http-nio-8081-exec-2] com.baizhi.clf.service.UserServiceImpl   : 783100800
2018-09-18 09:18:33.130 DEBUG 4204 --- [http-nio-8081-exec-2] c.b.c.dao.UserDAO.selectUserByUsername   : ==>  Preparing: select id,phone,address,cookieid,name from s_user where cookieid = ? 
2018-09-18 09:18:33.130 DEBUG 4204 --- [http-nio-8081-exec-2] c.b.c.dao.UserDAO.selectUserByUsername   : ==> Parameters: 783100800(String)
2018-09-18 09:18:33.132 DEBUG 4204 --- [http-nio-8081-exec-2] c.b.c.dao.UserDAO.selectUserByUsername   : <==      Total: 1
2018-09-18 09:18:33.144 DEBUG 4204 --- [http-nio-8081-exec-9] c.b.c.d.A.selectAdminCategorys           : ==>  Preparing: select id,category_id as categoryId,admin_id as adminId from s_admin_category where admin_id = ? 
2018-09-18 09:18:33.145 DEBUG 4204 --- [http-nio-8081-exec-9] c.b.c.d.A.selectAdminCategorys           : ==> Parameters: 40285681655560bf016555e55adc0035(String)
2018-09-18 09:18:33.146 DEBUG 4204 --- [http-nio-8081-exec-9] c.b.c.d.A.selectAdminCategorys           : <==      Total: 2
2018-09-18 09:18:33.147 DEBUG 4204 --- [http-nio-8081-exec-9] c.b.c.d.CategoryDAO.selectCategoryById   : ==>  Preparing: select id,name from s_category where id = ? 
2018-09-18 09:18:33.148 DEBUG 4204 --- [http-nio-8081-exec-9] c.b.c.d.CategoryDAO.selectCategoryById   : ==> Parameters: 0000000062d172aa0162d3b94bc9001c(String)
2018-09-18 09:18:33.149 DEBUG 4204 --- [http-nio-8081-exec-9] c.b.c.d.CategoryDAO.selectCategoryById   : <==      Total: 1
2018-09-18 09:18:33.146 DEBUG 4204 --- [http-nio-8081-exec-8] c.b.c.d.ProductDAO.selectProductByDsql   : ==>  Preparing: select s.id,s.name,s.description,s.price,s.imgSrc,s.category_id as categoryId,s.content,s.productNum,s.chinaUnit,s.italyUnit from s_product s left join s_admin_product sa on s.id = sa.product_id where admin_id='40285681655560bf016555e55adc0035' limit ?,? 
2018-09-18 09:18:33.150 DEBUG 4204 --- [http-nio-8081-exec-9] c.b.c.d.CategoryDAO.selectCategoryById   : ==>  Preparing: select id,name from s_category where id = ? 
2018-09-18 09:18:33.150 DEBUG 4204 --- [http-nio-8081-exec-8] c.b.c.d.ProductDAO.selectProductByDsql   : ==> Parameters: 0(Integer), 15(Integer)
2018-09-18 09:18:33.150 DEBUG 4204 --- [http-nio-8081-exec-9] c.b.c.d.CategoryDAO.selectCategoryById   : ==> Parameters: 0000000062d172aa0162d3b7e55a0010(String)
2018-09-18 09:18:33.151 DEBUG 4204 --- [http-nio-8081-exec-9] c.b.c.d.CategoryDAO.selectCategoryById   : <==      Total: 1
2018-09-18 09:18:33.153 DEBUG 4204 --- [http-nio-8081-exec-8] c.b.c.d.ProductDAO.selectProductByDsql   : <==      Total: 10
2018-09-18 09:18:33.154 DEBUG 4204 --- [http-nio-8081-exec-8] c.b.c.dao.ProductDAO.selectCountsByDsql  : ==>  Preparing: select count(*) from s_product s left join s_admin_product sa on s.id = sa.product_id where admin_id='40285681655560bf016555e55adc0035' 
2018-09-18 09:18:33.154 DEBUG 4204 --- [http-nio-8081-exec-8] c.b.c.dao.ProductDAO.selectCountsByDsql  : ==> Parameters: 
2018-09-18 09:18:33.156 DEBUG 4204 --- [http-nio-8081-exec-8] c.b.c.dao.ProductDAO.selectCountsByDsql  : <==      Total: 1
2018-09-18 09:18:34.491 DEBUG 4204 --- [http-nio-8081-exec-7] com.baizhi.clf.service.OrderServiceImpl  : sessionAdmin:Admin [id=40285681655560bf016555e55adc0035, password=52c356a463b5d4fc, username=test1, mobilePhone=13245677654, email=14564566@qq.com]
2018-09-18 09:18:34.491 DEBUG 4204 --- [http-nio-8081-exec-7] com.baizhi.clf.service.OrderServiceImpl  : sessionUser:SuserEntity [id=e0bbcf4c-8d69-464c-a249-9e830e15aae6, cookieid=783100800, phone=238942348, address=sdfsdfsd, name=zhangs]
2018-09-18 09:18:34.492 DEBUG 4204 --- [http-nio-8081-exec-7] c.baizhi.clf.dao.OrderDAO.selectOrders   : ==>  Preparing: select id,order_num as orderNum,order_status as orderStatus,order_salary as orderSalary,user_id as userId,admin_id as adminId,shop_id as shopId from s_order where user_Id = ? and admin_id = ? 
2018-09-18 09:18:34.495 DEBUG 4204 --- [http-nio-8081-exec-7] c.baizhi.clf.dao.OrderDAO.selectOrders   : ==> Parameters: e0bbcf4c-8d69-464c-a249-9e830e15aae6(String), 40285681655560bf016555e55adc0035(String)
2018-09-18 09:18:34.790 DEBUG 4204 --- [http-nio-8081-exec-7] c.baizhi.clf.dao.OrderDAO.selectOrders   : <==      Total: 9
2018-09-18 09:18:34.790 DEBUG 4204 --- [http-nio-8081-exec-7] com.baizhi.clf.service.OrderServiceImpl  : SorderEntity [id=1713498b-c932-4fd4-b2fb-47d0e354c7b7, orderNum=2018091711435416955459, orderStatus=待处理, orderSalary=30.0, userId=e0bbcf4c-8d69-464c-a249-9e830e15aae6, time=null, shopId=null, adminId=40285681655560bf016555e55adc0035]
2018-09-18 09:18:34.790 DEBUG 4204 --- [http-nio-8081-exec-7] c.b.clf.dao.OrderDAO.selectOrderItem     : ==>  Preparing: select id,order_id as orderId,product_id as productId,price,count,name,description,imgSrc,productNum from s_order_item where order_id = ? 
2018-09-18 09:18:34.790 DEBUG 4204 --- [http-nio-8081-exec-7] c.b.clf.dao.OrderDAO.selectOrderItem     : ==> Parameters: 2018091711435416955459(String)
2018-09-18 09:18:34.790 DEBUG 4204 --- [http-nio-8081-exec-7] c.b.clf.dao.OrderDAO.selectOrderItem     : <==      Total: 1
2018-09-18 09:18:34.790 DEBUG 4204 --- [http-nio-8081-exec-7] com.baizhi.clf.service.OrderServiceImpl  : SorderEntity [id=22ddd8ff-a492-4492-9e09-4cd7c511b4b1, orderNum=2018091709474493374392, orderStatus=待处理, orderSalary=19.2, userId=e0bbcf4c-8d69-464c-a249-9e830e15aae6, time=null, shopId=null, adminId=40285681655560bf016555e55adc0035]
2018-09-18 09:18:34.790 DEBUG 4204 --- [http-nio-8081-exec-7] c.b.clf.dao.OrderDAO.selectOrderItem     : ==>  Preparing: select id,order_id as orderId,product_id as productId,price,count,name,description,imgSrc,productNum from s_order_item where order_id = ? 
2018-09-18 09:18:34.790 DEBUG 4204 --- [http-nio-8081-exec-7] c.b.clf.dao.OrderDAO.selectOrderItem     : ==> Parameters: 2018091709474493374392(String)
2018-09-18 09:18:34.790 DEBUG 4204 --- [http-nio-8081-exec-7] c.b.clf.dao.OrderDAO.selectOrderItem     : <==      Total: 1
2018-09-18 09:18:34.790 DEBUG 4204 --- [http-nio-8081-exec-7] com.baizhi.clf.service.OrderServiceImpl  : SorderEntity [id=677040b4-73fe-4796-93bc-49dccef17b99, orderNum=2018091708580698448474, orderStatus=待处理, orderSalary=36.0, userId=e0bbcf4c-8d69-464c-a249-9e830e15aae6, time=null, shopId=null, adminId=40285681655560bf016555e55adc0035]
2018-09-18 09:18:34.790 DEBUG 4204 --- [http-nio-8081-exec-7] c.b.clf.dao.OrderDAO.selectOrderItem     : ==>  Preparing: select id,order_id as orderId,product_id as productId,price,count,name,description,imgSrc,productNum from s_order_item where order_id = ? 
2018-09-18 09:18:34.790 DEBUG 4204 --- [http-nio-8081-exec-7] c.b.clf.dao.OrderDAO.selectOrderItem     : ==> Parameters: 2018091708580698448474(String)
2018-09-18 09:18:34.800 DEBUG 4204 --- [http-nio-8081-exec-7] c.b.clf.dao.OrderDAO.selectOrderItem     : <==      Total: 1
2018-09-18 09:18:34.800 DEBUG 4204 --- [http-nio-8081-exec-7] com.baizhi.clf.service.OrderServiceImpl  : SorderEntity [id=79a4f1a0-4e57-4599-ab17-88fba0309163, orderNum=2018091403099372753950, orderStatus=已处理, orderSalary=19.2, userId=e0bbcf4c-8d69-464c-a249-9e830e15aae6, time=null, shopId=null, adminId=40285681655560bf016555e55adc0035]
2018-09-18 09:18:34.800 DEBUG 4204 --- [http-nio-8081-exec-7] c.b.clf.dao.OrderDAO.selectOrderItem     : ==>  Preparing: select id,order_id as orderId,product_id as productId,price,count,name,description,imgSrc,productNum from s_order_item where order_id = ? 
2018-09-18 09:18:34.800 DEBUG 4204 --- [http-nio-8081-exec-7] c.b.clf.dao.OrderDAO.selectOrderItem     : ==> Parameters: 2018091403099372753950(String)
2018-09-18 09:18:34.800 DEBUG 4204 --- [http-nio-8081-exec-7] c.b.clf.dao.OrderDAO.selectOrderItem     : <==      Total: 1
2018-09-18 09:18:34.800 DEBUG 4204 --- [http-nio-8081-exec-7] com.baizhi.clf.service.OrderServiceImpl  : SorderEntity [id=a331617c-ff1c-4520-8681-7f5ed72742d9, orderNum=2018091507345469677203, orderStatus=待处理, orderSalary=18.0, userId=e0bbcf4c-8d69-464c-a249-9e830e15aae6, time=null, shopId=null, adminId=40285681655560bf016555e55adc0035]
2018-09-18 09:18:34.800 DEBUG 4204 --- [http-nio-8081-exec-7] c.b.clf.dao.OrderDAO.selectOrderItem     : ==>  Preparing: select id,order_id as orderId,product_id as productId,price,count,name,description,imgSrc,productNum from s_order_item where order_id = ? 
2018-09-18 09:18:34.800 DEBUG 4204 --- [http-nio-8081-exec-7] c.b.clf.dao.OrderDAO.selectOrderItem     : ==> Parameters: 2018091507345469677203(String)
2018-09-18 09:18:34.800 DEBUG 4204 --- [http-nio-8081-exec-7] c.b.clf.dao.OrderDAO.selectOrderItem     : <==      Total: 1
2018-09-18 09:18:34.800 DEBUG 4204 --- [http-nio-8081-exec-7] com.baizhi.clf.service.OrderServiceImpl  : SorderEntity [id=c693ac82-e30f-497c-b21e-4895ff11ca70, orderNum=2018091711293496904541, orderStatus=待处理, orderSalary=19.2, userId=e0bbcf4c-8d69-464c-a249-9e830e15aae6, time=null, shopId=null, adminId=40285681655560bf016555e55adc0035]
2018-09-18 09:18:34.800 DEBUG 4204 --- [http-nio-8081-exec-7] c.b.clf.dao.OrderDAO.selectOrderItem     : ==>  Preparing: select id,order_id as orderId,product_id as productId,price,count,name,description,imgSrc,productNum from s_order_item where order_id = ? 
2018-09-18 09:18:34.800 DEBUG 4204 --- [http-nio-8081-exec-7] c.b.clf.dao.OrderDAO.selectOrderItem     : ==> Parameters: 2018091711293496904541(String)
2018-09-18 09:18:34.800 DEBUG 4204 --- [http-nio-8081-exec-7] c.b.clf.dao.OrderDAO.selectOrderItem     : <==      Total: 1
2018-09-18 09:18:34.800 DEBUG 4204 --- [http-nio-8081-exec-7] com.baizhi.clf.service.OrderServiceImpl  : SorderEntity [id=e999e41e-9f47-47ea-a796-b6859c67e44b, orderNum=2018091709516354624913, orderStatus=待处理, orderSalary=19.2, userId=e0bbcf4c-8d69-464c-a249-9e830e15aae6, time=null, shopId=null, adminId=40285681655560bf016555e55adc0035]
2018-09-18 09:18:34.800 DEBUG 4204 --- [http-nio-8081-exec-7] c.b.clf.dao.OrderDAO.selectOrderItem     : ==>  Preparing: select id,order_id as orderId,product_id as productId,price,count,name,description,imgSrc,productNum from s_order_item where order_id = ? 
2018-09-18 09:18:34.800 DEBUG 4204 --- [http-nio-8081-exec-7] c.b.clf.dao.OrderDAO.selectOrderItem     : ==> Parameters: 2018091709516354624913(String)
2018-09-18 09:18:34.810 DEBUG 4204 --- [http-nio-8081-exec-7] c.b.clf.dao.OrderDAO.selectOrderItem     : <==      Total: 1
2018-09-18 09:18:34.810 DEBUG 4204 --- [http-nio-8081-exec-7] com.baizhi.clf.service.OrderServiceImpl  : SorderEntity [id=f706a161-10db-41d0-8261-387e7d48c573, orderNum=2018091709504223864184, orderStatus=待处理, orderSalary=34.2, userId=e0bbcf4c-8d69-464c-a249-9e830e15aae6, time=null, shopId=null, adminId=40285681655560bf016555e55adc0035]
2018-09-18 09:18:34.810 DEBUG 4204 --- [http-nio-8081-exec-7] c.b.clf.dao.OrderDAO.selectOrderItem     : ==>  Preparing: select id,order_id as orderId,product_id as productId,price,count,name,description,imgSrc,productNum from s_order_item where order_id = ? 
2018-09-18 09:18:34.810 DEBUG 4204 --- [http-nio-8081-exec-7] c.b.clf.dao.OrderDAO.selectOrderItem     : ==> Parameters: 2018091709504223864184(String)
2018-09-18 09:18:34.810 DEBUG 4204 --- [http-nio-8081-exec-7] c.b.clf.dao.OrderDAO.selectOrderItem     : <==      Total: 2
2018-09-18 09:18:34.810 DEBUG 4204 --- [http-nio-8081-exec-7] com.baizhi.clf.service.OrderServiceImpl  : SorderEntity [id=ff26e95b-811d-4c08-b0ba-90499f639fd3, orderNum=2018091708574902159284, orderStatus=待处理, orderSalary=19.2, userId=e0bbcf4c-8d69-464c-a249-9e830e15aae6, time=null, shopId=null, adminId=40285681655560bf016555e55adc0035]
2018-09-18 09:18:34.810 DEBUG 4204 --- [http-nio-8081-exec-7] c.b.clf.dao.OrderDAO.selectOrderItem     : ==>  Preparing: select id,order_id as orderId,product_id as productId,price,count,name,description,imgSrc,productNum from s_order_item where order_id = ? 
2018-09-18 09:18:34.810 DEBUG 4204 --- [http-nio-8081-exec-7] c.b.clf.dao.OrderDAO.selectOrderItem     : ==> Parameters: 2018091708574902159284(String)
2018-09-18 09:18:34.810 DEBUG 4204 --- [http-nio-8081-exec-7] c.b.clf.dao.OrderDAO.selectOrderItem     : <==      Total: 1
2018-09-18 09:18:34.827 DEBUG 4204 --- [http-nio-8081-exec-6] c.baizhi.clf.controller.OrderController  : 2018091711435416955459
2018-09-18 09:18:34.828 DEBUG 4204 --- [http-nio-8081-exec-6] c.b.c.d.SorderTypeDAO.selectByOrderNum   : ==>  Preparing: select id,order_num,name,phone,address,qtime from s_order_type where order_num = ? 
2018-09-18 09:18:34.828 DEBUG 4204 --- [http-nio-8081-exec-6] c.b.c.d.SorderTypeDAO.selectByOrderNum   : ==> Parameters: 2018091711435416955459(String)
2018-09-18 09:18:34.830 DEBUG 4204 --- [http-nio-8081-exec-6] c.b.c.d.SorderTypeDAO.selectByOrderNum   : <==      Total: 1
2018-09-18 09:18:34.831 DEBUG 4204 --- [http-nio-8081-exec-6] c.baizhi.clf.controller.OrderController  : SorderTypeEntity [id=61bf1ac5-d276-42b7-8d8b-60781193a2d3, orderNum=null, name=zhangs, phone=238942348, address=null, qtime=9月17日周一14:00]
2018-09-18 09:18:34.845 DEBUG 4204 --- [http-nio-8081-exec-4] c.baizhi.clf.controller.OrderController  : 2018091709474493374392
2018-09-18 09:18:34.846 DEBUG 4204 --- [http-nio-8081-exec-4] c.b.c.d.SorderTypeDAO.selectByOrderNum   : ==>  Preparing: select id,order_num,name,phone,address,qtime from s_order_type where order_num = ? 
2018-09-18 09:18:34.846 DEBUG 4204 --- [http-nio-8081-exec-4] c.b.c.d.SorderTypeDAO.selectByOrderNum   : ==> Parameters: 2018091709474493374392(String)
2018-09-18 09:18:34.848 DEBUG 4204 --- [http-nio-8081-exec-4] c.b.c.d.SorderTypeDAO.selectByOrderNum   : <==      Total: 1
2018-09-18 09:18:34.854 DEBUG 4204 --- [http-nio-8081-exec-4] c.baizhi.clf.controller.OrderController  : SorderTypeEntity [id=215038a3-5bec-468f-a0cd-7ab15c865e67, orderNum=null, name=zhangs, phone=2389423487dsfgsd, address=null, qtime=9月17日周一11:00]
2018-09-18 09:18:34.862 DEBUG 4204 --- [http-nio-8081-exec-2] c.baizhi.clf.controller.OrderController  : 2018091708580698448474
2018-09-18 09:18:34.863 DEBUG 4204 --- [http-nio-8081-exec-2] c.b.c.d.SorderTypeDAO.selectByOrderNum   : ==>  Preparing: select id,order_num,name,phone,address,qtime from s_order_type where order_num = ? 
2018-09-18 09:18:34.863 DEBUG 4204 --- [http-nio-8081-exec-2] c.b.c.d.SorderTypeDAO.selectByOrderNum   : ==> Parameters: 2018091708580698448474(String)
2018-09-18 09:18:34.864 DEBUG 4204 --- [http-nio-8081-exec-2] c.b.c.d.SorderTypeDAO.selectByOrderNum   : <==      Total: 1
2018-09-18 09:18:34.866 DEBUG 4204 --- [http-nio-8081-exec-2] c.baizhi.clf.controller.OrderController  : SorderTypeEntity [id=f0fd4ca1-5ad5-4a21-91ec-65a82b6f35c6, orderNum=null, name=zhangs, phone=2389423487, address=null, qtime=9.17Montag11:00]
2018-09-18 09:18:34.872 DEBUG 4204 --- [http-nio-8081-exec-9] c.baizhi.clf.controller.OrderController  : 2018091403099372753950
2018-09-18 09:18:34.873 DEBUG 4204 --- [http-nio-8081-exec-9] c.b.c.d.SorderTypeDAO.selectByOrderNum   : ==>  Preparing: select id,order_num,name,phone,address,qtime from s_order_type where order_num = ? 
2018-09-18 09:18:34.873 DEBUG 4204 --- [http-nio-8081-exec-9] c.b.c.d.SorderTypeDAO.selectByOrderNum   : ==> Parameters: 2018091403099372753950(String)
2018-09-18 09:18:34.874 DEBUG 4204 --- [http-nio-8081-exec-9] c.b.c.d.SorderTypeDAO.selectByOrderNum   : <==      Total: 1
2018-09-18 09:18:34.876 DEBUG 4204 --- [http-nio-8081-exec-9] c.baizhi.clf.controller.OrderController  : SorderTypeEntity [id=29318ad2-392c-414f-8630-e42aa5ec6278, orderNum=null, name=zhang3, phone=3742374723, address=null, qtime=9.15Samstag11:00]
2018-09-18 09:18:34.884 DEBUG 4204 --- [http-nio-8081-exec-3] c.baizhi.clf.controller.OrderController  : 2018091507345469677203
2018-09-18 09:18:34.885 DEBUG 4204 --- [http-nio-8081-exec-3] c.b.c.d.SorderTypeDAO.selectByOrderNum   : ==>  Preparing: select id,order_num,name,phone,address,qtime from s_order_type where order_num = ? 
2018-09-18 09:18:34.885 DEBUG 4204 --- [http-nio-8081-exec-3] c.b.c.d.SorderTypeDAO.selectByOrderNum   : ==> Parameters: 2018091507345469677203(String)
2018-09-18 09:18:34.886 DEBUG 4204 --- [http-nio-8081-exec-3] c.b.c.d.SorderTypeDAO.selectByOrderNum   : <==      Total: 1
2018-09-18 09:18:34.888 DEBUG 4204 --- [http-nio-8081-exec-3] c.baizhi.clf.controller.OrderController  : SorderTypeEntity [id=8366cd48-affc-4c4e-833c-8248deae55aa, orderNum=null, name=zhang3, phone=3742374723, address=null, qtime=9月15日周六20:00]
2018-09-18 09:18:34.897 DEBUG 4204 --- [http-nio-8081-exec-8] c.baizhi.clf.controller.OrderController  : 2018091711293496904541
2018-09-18 09:18:34.898 DEBUG 4204 --- [http-nio-8081-exec-8] c.b.c.d.SorderTypeDAO.selectByOrderNum   : ==>  Preparing: select id,order_num,name,phone,address,qtime from s_order_type where order_num = ? 
2018-09-18 09:18:34.899 DEBUG 4204 --- [http-nio-8081-exec-8] c.b.c.d.SorderTypeDAO.selectByOrderNum   : ==> Parameters: 2018091711293496904541(String)
2018-09-18 09:18:34.900 DEBUG 4204 --- [http-nio-8081-exec-8] c.b.c.d.SorderTypeDAO.selectByOrderNum   : <==      Total: 1
2018-09-18 09:18:34.902 DEBUG 4204 --- [http-nio-8081-exec-8] c.baizhi.clf.controller.OrderController  : SorderTypeEntity [id=0bd541d4-2151-4836-b46a-5f476ef5daec, orderNum=null, name=zhangs, phone=238942348, address=null, qtime=9.17Montag13:00]
2018-09-18 09:18:34.914 DEBUG 4204 --- [http-nio-8081-exec-5] c.baizhi.clf.controller.OrderController  : 2018091709516354624913
2018-09-18 09:18:34.915 DEBUG 4204 --- [http-nio-8081-exec-5] c.b.c.d.SorderTypeDAO.selectByOrderNum   : ==>  Preparing: select id,order_num,name,phone,address,qtime from s_order_type where order_num = ? 
2018-09-18 09:18:34.915 DEBUG 4204 --- [http-nio-8081-exec-5] c.b.c.d.SorderTypeDAO.selectByOrderNum   : ==> Parameters: 2018091709516354624913(String)
2018-09-18 09:18:34.918 DEBUG 4204 --- [http-nio-8081-exec-5] c.b.c.d.SorderTypeDAO.selectByOrderNum   : <==      Total: 1
2018-09-18 09:18:34.920 DEBUG 4204 --- [http-nio-8081-exec-5] c.baizhi.clf.controller.OrderController  : SorderTypeEntity [id=64986aff-0d69-4d91-bd3d-29e928c6b8bb, orderNum=null, name=zhangs, phone=2389423487dsfgsd, address=null, qtime=9月17日周一11:00]
2018-09-18 09:18:34.928 DEBUG 4204 --- [http-nio-8081-exec-1] c.baizhi.clf.controller.OrderController  : 2018091709504223864184
2018-09-18 09:18:34.929 DEBUG 4204 --- [http-nio-8081-exec-1] c.b.c.d.SorderTypeDAO.selectByOrderNum   : ==>  Preparing: select id,order_num,name,phone,address,qtime from s_order_type where order_num = ? 
2018-09-18 09:18:34.929 DEBUG 4204 --- [http-nio-8081-exec-1] c.b.c.d.SorderTypeDAO.selectByOrderNum   : ==> Parameters: 2018091709504223864184(String)
2018-09-18 09:18:34.930 DEBUG 4204 --- [http-nio-8081-exec-1] c.b.c.d.SorderTypeDAO.selectByOrderNum   : <==      Total: 1
2018-09-18 09:18:34.931 DEBUG 4204 --- [http-nio-8081-exec-1] c.baizhi.clf.controller.OrderController  : SorderTypeEntity [id=604f0302-bf80-4005-96cf-6be7e1a29770, orderNum=null, name=zhangs, phone=238942348, address=sdfsdfsd, qtime=null]
2018-09-18 09:18:34.940 DEBUG 4204 --- [http-nio-8081-exec-10] c.baizhi.clf.controller.OrderController  : 2018091708574902159284
2018-09-18 09:18:34.941 DEBUG 4204 --- [http-nio-8081-exec-10] c.b.c.d.SorderTypeDAO.selectByOrderNum   : ==>  Preparing: select id,order_num,name,phone,address,qtime from s_order_type where order_num = ? 
2018-09-18 09:18:34.941 DEBUG 4204 --- [http-nio-8081-exec-10] c.b.c.d.SorderTypeDAO.selectByOrderNum   : ==> Parameters: 2018091708574902159284(String)
2018-09-18 09:18:34.943 DEBUG 4204 --- [http-nio-8081-exec-10] c.b.c.d.SorderTypeDAO.selectByOrderNum   : <==      Total: 1
2018-09-18 09:18:34.945 DEBUG 4204 --- [http-nio-8081-exec-10] c.baizhi.clf.controller.OrderController  : SorderTypeEntity [id=c355cab0-2b0f-4059-bcf1-329573b3b48c, orderNum=null, name=zhang3, phone=3742374723, address=null, qtime=9.17Montag11:00]
